<?xml version="1.0" encoding="UTF-8"?>
<testng-results ignored="0" total="2" passed="2" failed="0" skipped="0">
  <reporter-output>
  </reporter-output>
  <suite started-at="2021-09-28T18:05:23 SGT" name="Default suite" finished-at="2021-09-28T18:05:27 SGT" duration-ms="3591">
    <groups>
    </groups>
    <test started-at="2021-09-28T18:05:23 SGT" name="Default test" finished-at="2021-09-28T18:05:27 SGT" duration-ms="3591">
      <class name="com.SDDEVOPS.NewTest">
        <test-method is-config="true" signature="beforeTest()[pri:0, instance:com.SDDEVOPS.NewTest@10e92f8f]" started-at="2021-09-28T18:05:23 SGT" name="beforeTest" finished-at="2021-09-28T18:05:25 SGT" duration-ms="1460" status="PASS">
          <reporter-output>
          </reporter-output>
        </test-method> <!-- beforeTest -->
        <test-method signature="addThread()[pri:0, instance:com.SDDEVOPS.NewTest@10e92f8f]" started-at="2021-09-28T18:05:25 SGT" name="addThread" finished-at="2021-09-28T18:05:26 SGT" duration-ms="1603" status="PASS">
          <reporter-output>
          </reporter-output>
        </test-method> <!-- addThread -->
        <test-method signature="clickThread()[pri:0, instance:com.SDDEVOPS.NewTest@10e92f8f]" started-at="2021-09-28T18:05:26 SGT" name="clickThread" finished-at="2021-09-28T18:05:27 SGT" duration-ms="218" status="PASS">
          <reporter-output>
          </reporter-output>
        </test-method> <!-- clickThread -->
        <test-method is-config="true" signature="afterTest()[pri:0, instance:com.SDDEVOPS.NewTest@10e92f8f]" started-at="2021-09-28T18:05:27 SGT" name="afterTest" finished-at="2021-09-28T18:05:27 SGT" duration-ms="260" status="PASS">
          <reporter-output>
          </reporter-output>
        </test-method> <!-- afterTest -->
      </class> <!-- com.SDDEVOPS.NewTest -->
    </test> <!-- Default test -->
  </suite> <!-- Default suite -->
</testng-results>
